<?xml version="1.0" encoding="UTF-8"?>
<!-- Generated by org.testng.reporters.JUnitReportReporter -->
<testsuite skipped="0" hostname="C02TQPDLHV2L" name="apple_tests.BuyMacTest" tests="1" failures="0" timestamp="2020-06-25T14:09:07 IST" time="26.186" errors="0">
  <testcase name="putMacBookAirToBag" time="26.186" classname="apple_tests.BuyMacTest"/>
  <system-out/>
</testsuite> <!-- apple_tests.BuyMacTest -->
