<?xml version="1.0" encoding="UTF-8"?>
<!-- Generated by org.testng.reporters.JUnitReportReporter -->
<testsuite skipped="0" hostname="C02TQPDLHV2L" name="apple_tests.Login" tests="1" failures="0" timestamp="2020-06-25T15:27:17 IST" time="28.745" errors="0">
  <testcase name="registerCostomer" time="28.745" classname="apple_tests.Login"/>
  <system-out/>
</testsuite> <!-- apple_tests.Login -->
